<?xml version="1.0" encoding="UTF-8"?>
<!-- Generated by org.testng.reporters.JUnitReportReporter -->
<testsuite skipped="0" hostname="Administrator" name="runners.CucumberTestNgRunner" tests="2" failures="0" timestamp="2022-07-18T17:04:22 IST" time="0.042" errors="0">
  <testcase name="runScenario" time="0.004" classname="runners.CucumberTestNgRunner"/>
  <system-out/>
  <testcase name="runScenario" time="0.038" classname="runners.CucumberTestNgRunner"/>
  <system-out/>
</testsuite> <!-- runners.CucumberTestNgRunner -->
